<?xml version="1.0" encoding="UTF-8"?>
<testng-results ignored="0" total="1" passed="1" failed="0" skipped="0">
  <reporter-output>
  </reporter-output>
  <suite started-at="2023-11-06T20:12:12 ICT" name="Default suite" finished-at="2023-11-06T20:12:20 ICT" duration-ms="7733">
    <groups>
    </groups>
    <test started-at="2023-11-06T20:12:12 ICT" name="Default test" finished-at="2023-11-06T20:12:20 ICT" duration-ms="7733">
      <class name="automation.testsuite.Day7_Practice">
        <test-method is-config="true" signature="openChrome()[pri:0, instance:automation.testsuite.Day7_Practice@2dc54ad4]" started-at="2023-11-06T20:12:12 ICT" name="openChrome" finished-at="2023-11-06T20:12:20 ICT" duration-ms="7663" status="PASS">
          <reporter-output>
          </reporter-output>
        </test-method> <!-- openChrome -->
        <test-method signature="Test()[pri:0, instance:automation.testsuite.Day7_Practice@2dc54ad4]" started-at="2023-11-06T20:12:20 ICT" name="Test" finished-at="2023-11-06T20:12:20 ICT" duration-ms="13" status="PASS">
          <reporter-output>
          </reporter-output>
        </test-method> <!-- Test -->
      </class> <!-- automation.testsuite.Day7_Practice -->
    </test> <!-- Default test -->
  </suite> <!-- Default suite -->
</testng-results>
