<?xml version="1.0" encoding="UTF-8"?>
<!-- Generated by org.testng.reporters.JUnitXMLReporter -->
<testsuite ignored="0" hostname="ntpthao" failures="0" tests="2" name="Automation1TestProject run on firefox" time="30.685" errors="0" timestamp="2023-12-20T21:48:19 ICT">
  <testcase classname="automation.testsuite.Day18_BTVN" name="ClickonZalo" time="3.517"/>
  <testcase classname="automation.testsuite.Day18_BTVN2" name="ClickonChat" time="3.714"/>
</testsuite> <!-- Automation1TestProject run on firefox -->
